<?xml version="1.0" encoding="UTF-8"?>
<!-- Generated by org.testng.reporters.JUnitReportReporter -->
<testsuite skipped="0" hostname="tcss-MacBook-Pro-4.local" name="com.sss.lifebook.MyFirstTest" tests="1" failures="0" timestamp="21 Nov 2016 00:43:19 GMT" time="0.012" errors="0">
  <testcase name="checkTestNGInstallation" time="0.012" classname="com.sss.lifebook.MyFirstTest"/>
</testsuite> <!-- com.sss.lifebook.MyFirstTest -->
